<?xml version="1.0" encoding="UTF-8"?>
<!-- Generated by org.testng.reporters.JUnitReportReporter -->
<testsuite hostname="LIN86000486" failures="0" tests="1" name="com.FileDownload.DownloadingFile" time="3.412" errors="0" timestamp="2022-07-18T15:05:54 IST" skipped="0">
  <testcase classname="com.FileDownload.DownloadingFile" name="downloadingFileInChrome" time="3.412"/>
  <system-out/>
</testsuite> <!-- com.FileDownload.DownloadingFile -->
