<?xml version="1.0" encoding="UTF-8"?>
<!-- Generated by org.testng.reporters.JUnitReportReporter -->
<testsuite hostname="LIN86000486" failures="0" tests="1" name="com.ExtentReport.ExtentReportClass" time="0.013" errors="0" timestamp="2022-07-20T12:29:19 IST" skipped="0">
  <testcase classname="com.ExtentReport.ExtentReportClass" name="extentReportDemo" time="0.013"/>
  <system-out/>
</testsuite> <!-- com.ExtentReport.ExtentReportClass -->
